[2023/05/11 13:58:41] ppcls INFO: 
===========================================================
==        PaddleClas is powered by PaddlePaddle !        ==
===========================================================
==                                                       ==
==   For more info please go to the following website.   ==
==                                                       ==
==       https://github.com/PaddlePaddle/PaddleClas      ==
===========================================================

[2023/05/11 13:58:41] ppcls INFO: Arch : 
[2023/05/11 13:58:41] ppcls INFO:     class_num : 19
[2023/05/11 13:58:41] ppcls INFO:     infer_add_softmax : False
[2023/05/11 13:58:41] ppcls INFO:     lr_mult_list : [1.0, 1.0, 1.0, 1.0, 1.0, 1.0]
[2023/05/11 13:58:41] ppcls INFO:     name : PPLCNet_x1_0
[2023/05/11 13:58:41] ppcls INFO:     pretrained : /home/minhssd/weight/vehicle_attribute_infer/inference
[2023/05/11 13:58:41] ppcls INFO:     use_ssld : True
[2023/05/11 13:58:41] ppcls INFO: DataLoader : 
[2023/05/11 13:58:41] ppcls INFO:     Eval : 
[2023/05/11 13:58:41] ppcls INFO:         dataset : 
[2023/05/11 13:58:41] ppcls INFO:             cls_label_path : dataset/VeRi/test_list.txt
[2023/05/11 13:58:41] ppcls INFO:             image_root : dataset/VeRi/
[2023/05/11 13:58:41] ppcls INFO:             label_ratio : True
[2023/05/11 13:58:41] ppcls INFO:             name : MultiLabelDataset
[2023/05/11 13:58:41] ppcls INFO:             transform_ops : 
[2023/05/11 13:58:41] ppcls INFO:                 DecodeImage : 
[2023/05/11 13:58:41] ppcls INFO:                     channel_first : False
[2023/05/11 13:58:41] ppcls INFO:                     to_rgb : True
[2023/05/11 13:58:41] ppcls INFO:                 ResizeImage : 
[2023/05/11 13:58:41] ppcls INFO:                     size : [256, 192]
[2023/05/11 13:58:41] ppcls INFO:                 NormalizeImage : 
[2023/05/11 13:58:41] ppcls INFO:                     mean : [0.485, 0.456, 0.406]
[2023/05/11 13:58:41] ppcls INFO:                     order : 
[2023/05/11 13:58:41] ppcls INFO:                     scale : 1.0/255.0
[2023/05/11 13:58:41] ppcls INFO:                     std : [0.229, 0.224, 0.225]
[2023/05/11 13:58:41] ppcls INFO:         loader : 
[2023/05/11 13:58:41] ppcls INFO:             num_workers : 8
[2023/05/11 13:58:41] ppcls INFO:             use_shared_memory : True
[2023/05/11 13:58:41] ppcls INFO:         sampler : 
[2023/05/11 13:58:41] ppcls INFO:             batch_size : 128
[2023/05/11 13:58:41] ppcls INFO:             drop_last : False
[2023/05/11 13:58:41] ppcls INFO:             name : DistributedBatchSampler
[2023/05/11 13:58:41] ppcls INFO:             shuffle : False
[2023/05/11 13:58:41] ppcls INFO:     Train : 
[2023/05/11 13:58:41] ppcls INFO:         dataset : 
[2023/05/11 13:58:41] ppcls INFO:             cls_label_path : dataset/VeRi/train_list.txt
[2023/05/11 13:58:41] ppcls INFO:             image_root : dataset/VeRi/
[2023/05/11 13:58:41] ppcls INFO:             label_ratio : True
[2023/05/11 13:58:41] ppcls INFO:             name : MultiLabelDataset
[2023/05/11 13:58:41] ppcls INFO:             transform_ops : 
[2023/05/11 13:58:41] ppcls INFO:                 DecodeImage : 
[2023/05/11 13:58:41] ppcls INFO:                     channel_first : False
[2023/05/11 13:58:41] ppcls INFO:                     to_rgb : True
[2023/05/11 13:58:41] ppcls INFO:                 ResizeImage : 
[2023/05/11 13:58:41] ppcls INFO:                     size : [256, 192]
[2023/05/11 13:58:41] ppcls INFO:                 TimmAutoAugment : 
[2023/05/11 13:58:41] ppcls INFO:                     config_str : rand-m9-mstd0.5-inc1
[2023/05/11 13:58:41] ppcls INFO:                     img_size : [256, 192]
[2023/05/11 13:58:41] ppcls INFO:                     interpolation : bicubic
[2023/05/11 13:58:41] ppcls INFO:                     prob : 0.0
[2023/05/11 13:58:41] ppcls INFO:                 Padv2 : 
[2023/05/11 13:58:41] ppcls INFO:                     fill_value : 0
[2023/05/11 13:58:41] ppcls INFO:                     pad_mode : 1
[2023/05/11 13:58:41] ppcls INFO:                     size : [276, 212]
[2023/05/11 13:58:41] ppcls INFO:                 RandomCropImage : 
[2023/05/11 13:58:41] ppcls INFO:                     size : [256, 192]
[2023/05/11 13:58:41] ppcls INFO:                 RandFlipImage : 
[2023/05/11 13:58:41] ppcls INFO:                     flip_code : 1
[2023/05/11 13:58:41] ppcls INFO:                 NormalizeImage : 
[2023/05/11 13:58:41] ppcls INFO:                     mean : [0.485, 0.456, 0.406]
[2023/05/11 13:58:41] ppcls INFO:                     order : 
[2023/05/11 13:58:41] ppcls INFO:                     scale : 1.0/255.0
[2023/05/11 13:58:41] ppcls INFO:                     std : [0.229, 0.224, 0.225]
[2023/05/11 13:58:41] ppcls INFO:                 RandomErasing : 
[2023/05/11 13:58:41] ppcls INFO:                     EPSILON : 0.5
[2023/05/11 13:58:41] ppcls INFO: ------------------------------------------------------------
[2023/05/11 13:58:41] ppcls INFO:                     attempt : 10
[2023/05/11 13:58:41] ppcls INFO:                     mode : pixel
[2023/05/11 13:58:41] ppcls INFO:                     r1 : 0.3
[2023/05/11 13:58:41] ppcls INFO:                     sh : 1.0/3.0
[2023/05/11 13:58:41] ppcls INFO:                     sl : 0.02
[2023/05/11 13:58:41] ppcls INFO:                     use_log_aspect : True
[2023/05/11 13:58:41] ppcls INFO:         loader : 
[2023/05/11 13:58:41] ppcls INFO:             num_workers : 8
[2023/05/11 13:58:41] ppcls INFO:             use_shared_memory : True
[2023/05/11 13:58:41] ppcls INFO:         sampler : 
[2023/05/11 13:58:41] ppcls INFO:             batch_size : 64
[2023/05/11 13:58:41] ppcls INFO:             drop_last : True
[2023/05/11 13:58:41] ppcls INFO:             name : DistributedBatchSampler
[2023/05/11 13:58:41] ppcls INFO:             shuffle : True
[2023/05/11 13:58:41] ppcls INFO: Global : 
[2023/05/11 13:58:41] ppcls INFO:     checkpoints : None
[2023/05/11 13:58:41] ppcls INFO:     device : gpu
[2023/05/11 13:58:41] ppcls INFO:     epochs : 30
[2023/05/11 13:58:41] ppcls INFO:     eval_during_train : True
[2023/05/11 13:58:41] ppcls INFO:     eval_interval : 1
[2023/05/11 13:58:41] ppcls INFO:     image_shape : [3, 192, 256]
[2023/05/11 13:58:41] ppcls INFO:     output_dir : ./output/
[2023/05/11 13:58:41] ppcls INFO:     pretrained_model : None
[2023/05/11 13:58:41] ppcls INFO:     print_batch_step : 20
[2023/05/11 13:58:41] ppcls INFO:     save_inference_dir : ./inference
[2023/05/11 13:58:41] ppcls INFO:     save_interval : 5
[2023/05/11 13:58:41] ppcls INFO:     use_multilabel : True
[2023/05/11 13:58:41] ppcls INFO:     use_visualdl : False
[2023/05/11 13:58:41] ppcls INFO: Infer : 
[2023/05/11 13:58:41] ppcls INFO:     PostProcess : 
[2023/05/11 13:58:41] ppcls INFO:         color_threshold : 0.5
[2023/05/11 13:58:41] ppcls INFO:         name : VehicleAttribute
[2023/05/11 13:58:41] ppcls INFO:         type_threshold : 0.5
[2023/05/11 13:58:41] ppcls INFO:     batch_size : 10
[2023/05/11 13:58:41] ppcls INFO:     infer_imgs : ../PaddleClas/data/image/
[2023/05/11 13:58:41] ppcls INFO:     transforms : 
[2023/05/11 13:58:41] ppcls INFO:         DecodeImage : 
[2023/05/11 13:58:41] ppcls INFO:             channel_first : False
[2023/05/11 13:58:41] ppcls INFO:             to_rgb : True
[2023/05/11 13:58:41] ppcls INFO:         ResizeImage : 
[2023/05/11 13:58:41] ppcls INFO:             size : [256, 192]
[2023/05/11 13:58:41] ppcls INFO:         NormalizeImage : 
[2023/05/11 13:58:41] ppcls INFO:             mean : [0.485, 0.456, 0.406]
[2023/05/11 13:58:41] ppcls INFO:             order : 
[2023/05/11 13:58:41] ppcls INFO:             scale : 1.0/255.0
[2023/05/11 13:58:41] ppcls INFO:             std : [0.229, 0.224, 0.225]
[2023/05/11 13:58:41] ppcls INFO:         ToCHWImage : None
[2023/05/11 13:58:41] ppcls INFO: Loss : 
[2023/05/11 13:58:41] ppcls INFO:     Eval : 
[2023/05/11 13:58:41] ppcls INFO:         MultiLabelLoss : 
[2023/05/11 13:58:41] ppcls INFO:             size_sum : True
[2023/05/11 13:58:41] ppcls INFO:             weight : 1.0
[2023/05/11 13:58:41] ppcls INFO:             weight_ratio : True
[2023/05/11 13:58:41] ppcls INFO:     Train : 
[2023/05/11 13:58:41] ppcls INFO:         MultiLabelLoss : 
[2023/05/11 13:58:41] ppcls INFO:             size_sum : True
[2023/05/11 13:58:41] ppcls INFO:             weight : 1.0
[2023/05/11 13:58:41] ppcls INFO:             weight_ratio : True
[2023/05/11 13:58:41] ppcls INFO: Metric : 
[2023/05/11 13:58:41] ppcls INFO:     Eval : 
[2023/05/11 13:58:41] ppcls INFO:         ATTRMetric : None
[2023/05/11 13:58:41] ppcls INFO: Optimizer : 
[2023/05/11 13:58:41] ppcls INFO:     lr : 
[2023/05/11 13:58:41] ppcls INFO:         learning_rate : 0.0125
[2023/05/11 13:58:41] ppcls INFO:         name : Cosine
[2023/05/11 13:58:41] ppcls INFO:         warmup_epoch : 5
[2023/05/11 13:58:41] ppcls INFO:     momentum : 0.9
[2023/05/11 13:58:41] ppcls INFO:     name : Momentum
[2023/05/11 13:58:41] ppcls INFO:     regularizer : 
[2023/05/11 13:58:41] ppcls INFO:         coeff : 0.0005
[2023/05/11 13:58:41] ppcls INFO:         name : L2
[2023/05/11 13:58:41] ppcls INFO: train with paddle 2.2.2 and device CUDAPlace(0)
[2023/05/11 13:59:41] ppcls INFO: 
===========================================================
==        PaddleClas is powered by PaddlePaddle !        ==
===========================================================
==                                                       ==
==   For more info please go to the following website.   ==
==                                                       ==
==       https://github.com/PaddlePaddle/PaddleClas      ==
===========================================================

[2023/05/11 13:59:41] ppcls INFO: Arch : 
[2023/05/11 13:59:41] ppcls INFO:     class_num : 19
[2023/05/11 13:59:41] ppcls INFO:     infer_add_softmax : False
[2023/05/11 13:59:41] ppcls INFO:     lr_mult_list : [1.0, 1.0, 1.0, 1.0, 1.0, 1.0]
[2023/05/11 13:59:41] ppcls INFO:     name : PPLCNet_x1_0
[2023/05/11 13:59:41] ppcls INFO:     pretrained : /home/minhssd/AI_hoabinh/weight/vehicle_attribute_infer/inference
[2023/05/11 13:59:41] ppcls INFO:     use_ssld : True
[2023/05/11 13:59:41] ppcls INFO: DataLoader : 
[2023/05/11 13:59:41] ppcls INFO:     Eval : 
[2023/05/11 13:59:41] ppcls INFO:         dataset : 
[2023/05/11 13:59:41] ppcls INFO:             cls_label_path : dataset/VeRi/test_list.txt
[2023/05/11 13:59:41] ppcls INFO:             image_root : dataset/VeRi/
[2023/05/11 13:59:41] ppcls INFO:             label_ratio : True
[2023/05/11 13:59:41] ppcls INFO:             name : MultiLabelDataset
[2023/05/11 13:59:41] ppcls INFO:             transform_ops : 
[2023/05/11 13:59:41] ppcls INFO:                 DecodeImage : 
[2023/05/11 13:59:41] ppcls INFO:                     channel_first : False
[2023/05/11 13:59:41] ppcls INFO:                     to_rgb : True
[2023/05/11 13:59:41] ppcls INFO:                 ResizeImage : 
[2023/05/11 13:59:41] ppcls INFO:                     size : [256, 192]
[2023/05/11 13:59:41] ppcls INFO:                 NormalizeImage : 
[2023/05/11 13:59:41] ppcls INFO:                     mean : [0.485, 0.456, 0.406]
[2023/05/11 13:59:41] ppcls INFO:                     order : 
[2023/05/11 13:59:41] ppcls INFO:                     scale : 1.0/255.0
[2023/05/11 13:59:41] ppcls INFO:                     std : [0.229, 0.224, 0.225]
[2023/05/11 13:59:41] ppcls INFO:         loader : 
[2023/05/11 13:59:41] ppcls INFO:             num_workers : 8
[2023/05/11 13:59:41] ppcls INFO:             use_shared_memory : True
[2023/05/11 13:59:41] ppcls INFO:         sampler : 
[2023/05/11 13:59:41] ppcls INFO:             batch_size : 128
[2023/05/11 13:59:41] ppcls INFO:             drop_last : False
[2023/05/11 13:59:41] ppcls INFO:             name : DistributedBatchSampler
[2023/05/11 13:59:41] ppcls INFO:             shuffle : False
[2023/05/11 13:59:41] ppcls INFO:     Train : 
[2023/05/11 13:59:41] ppcls INFO:         dataset : 
[2023/05/11 13:59:41] ppcls INFO:             cls_label_path : dataset/VeRi/train_list.txt
[2023/05/11 13:59:41] ppcls INFO:             image_root : dataset/VeRi/
[2023/05/11 13:59:41] ppcls INFO:             label_ratio : True
[2023/05/11 13:59:41] ppcls INFO:             name : MultiLabelDataset
[2023/05/11 13:59:41] ppcls INFO:             transform_ops : 
[2023/05/11 13:59:41] ppcls INFO:                 DecodeImage : 
[2023/05/11 13:59:41] ppcls INFO:                     channel_first : False
[2023/05/11 13:59:41] ppcls INFO:                     to_rgb : True
[2023/05/11 13:59:41] ppcls INFO:                 ResizeImage : 
[2023/05/11 13:59:41] ppcls INFO:                     size : [256, 192]
[2023/05/11 13:59:41] ppcls INFO:                 TimmAutoAugment : 
[2023/05/11 13:59:41] ppcls INFO:                     config_str : rand-m9-mstd0.5-inc1
[2023/05/11 13:59:41] ppcls INFO:                     img_size : [256, 192]
[2023/05/11 13:59:41] ppcls INFO:                     interpolation : bicubic
[2023/05/11 13:59:41] ppcls INFO:                     prob : 0.0
[2023/05/11 13:59:41] ppcls INFO:                 Padv2 : 
[2023/05/11 13:59:41] ppcls INFO:                     fill_value : 0
[2023/05/11 13:59:41] ppcls INFO:                     pad_mode : 1
[2023/05/11 13:59:41] ppcls INFO:                     size : [276, 212]
[2023/05/11 13:59:41] ppcls INFO:                 RandomCropImage : 
[2023/05/11 13:59:41] ppcls INFO:                     size : [256, 192]
[2023/05/11 13:59:41] ppcls INFO:                 RandFlipImage : 
[2023/05/11 13:59:41] ppcls INFO:                     flip_code : 1
[2023/05/11 13:59:41] ppcls INFO:                 NormalizeImage : 
[2023/05/11 13:59:41] ppcls INFO:                     mean : [0.485, 0.456, 0.406]
[2023/05/11 13:59:41] ppcls INFO:                     order : 
[2023/05/11 13:59:41] ppcls INFO:                     scale : 1.0/255.0
[2023/05/11 13:59:41] ppcls INFO:                     std : [0.229, 0.224, 0.225]
[2023/05/11 13:59:41] ppcls INFO:                 RandomErasing : 
[2023/05/11 13:59:41] ppcls INFO:                     EPSILON : 0.5
[2023/05/11 13:59:41] ppcls INFO: ------------------------------------------------------------
[2023/05/11 13:59:41] ppcls INFO:                     attempt : 10
[2023/05/11 13:59:41] ppcls INFO:                     mode : pixel
[2023/05/11 13:59:41] ppcls INFO:                     r1 : 0.3
[2023/05/11 13:59:41] ppcls INFO:                     sh : 1.0/3.0
[2023/05/11 13:59:41] ppcls INFO:                     sl : 0.02
[2023/05/11 13:59:41] ppcls INFO:                     use_log_aspect : True
[2023/05/11 13:59:41] ppcls INFO:         loader : 
[2023/05/11 13:59:41] ppcls INFO:             num_workers : 8
[2023/05/11 13:59:41] ppcls INFO:             use_shared_memory : True
[2023/05/11 13:59:41] ppcls INFO:         sampler : 
[2023/05/11 13:59:41] ppcls INFO:             batch_size : 64
[2023/05/11 13:59:41] ppcls INFO:             drop_last : True
[2023/05/11 13:59:41] ppcls INFO:             name : DistributedBatchSampler
[2023/05/11 13:59:41] ppcls INFO:             shuffle : True
[2023/05/11 13:59:41] ppcls INFO: Global : 
[2023/05/11 13:59:41] ppcls INFO:     checkpoints : None
[2023/05/11 13:59:41] ppcls INFO:     device : gpu
[2023/05/11 13:59:41] ppcls INFO:     epochs : 30
[2023/05/11 13:59:41] ppcls INFO:     eval_during_train : True
[2023/05/11 13:59:41] ppcls INFO:     eval_interval : 1
[2023/05/11 13:59:41] ppcls INFO:     image_shape : [3, 192, 256]
[2023/05/11 13:59:41] ppcls INFO:     output_dir : ./output/
[2023/05/11 13:59:41] ppcls INFO:     pretrained_model : None
[2023/05/11 13:59:41] ppcls INFO:     print_batch_step : 20
[2023/05/11 13:59:41] ppcls INFO:     save_inference_dir : ./inference
[2023/05/11 13:59:41] ppcls INFO:     save_interval : 5
[2023/05/11 13:59:41] ppcls INFO:     use_multilabel : True
[2023/05/11 13:59:41] ppcls INFO:     use_visualdl : False
[2023/05/11 13:59:41] ppcls INFO: Infer : 
[2023/05/11 13:59:41] ppcls INFO:     PostProcess : 
[2023/05/11 13:59:41] ppcls INFO:         color_threshold : 0.5
[2023/05/11 13:59:41] ppcls INFO:         name : VehicleAttribute
[2023/05/11 13:59:41] ppcls INFO:         type_threshold : 0.5
[2023/05/11 13:59:41] ppcls INFO:     batch_size : 10
[2023/05/11 13:59:41] ppcls INFO:     infer_imgs : /home/minhssd/AI_hoabinh/yoloHubLoad/PaddleClas/data/image_vehical
[2023/05/11 13:59:41] ppcls INFO:     transforms : 
[2023/05/11 13:59:41] ppcls INFO:         DecodeImage : 
[2023/05/11 13:59:41] ppcls INFO:             channel_first : False
[2023/05/11 13:59:41] ppcls INFO:             to_rgb : True
[2023/05/11 13:59:41] ppcls INFO:         ResizeImage : 
[2023/05/11 13:59:41] ppcls INFO:             size : [256, 192]
[2023/05/11 13:59:41] ppcls INFO:         NormalizeImage : 
[2023/05/11 13:59:41] ppcls INFO:             mean : [0.485, 0.456, 0.406]
[2023/05/11 13:59:41] ppcls INFO:             order : 
[2023/05/11 13:59:41] ppcls INFO:             scale : 1.0/255.0
[2023/05/11 13:59:41] ppcls INFO:             std : [0.229, 0.224, 0.225]
[2023/05/11 13:59:41] ppcls INFO:         ToCHWImage : None
[2023/05/11 13:59:41] ppcls INFO: Loss : 
[2023/05/11 13:59:41] ppcls INFO:     Eval : 
[2023/05/11 13:59:41] ppcls INFO:         MultiLabelLoss : 
[2023/05/11 13:59:41] ppcls INFO:             size_sum : True
[2023/05/11 13:59:41] ppcls INFO:             weight : 1.0
[2023/05/11 13:59:41] ppcls INFO:             weight_ratio : True
[2023/05/11 13:59:41] ppcls INFO:     Train : 
[2023/05/11 13:59:41] ppcls INFO:         MultiLabelLoss : 
[2023/05/11 13:59:41] ppcls INFO:             size_sum : True
[2023/05/11 13:59:41] ppcls INFO:             weight : 1.0
[2023/05/11 13:59:41] ppcls INFO:             weight_ratio : True
[2023/05/11 13:59:41] ppcls INFO: Metric : 
[2023/05/11 13:59:41] ppcls INFO:     Eval : 
[2023/05/11 13:59:41] ppcls INFO:         ATTRMetric : None
[2023/05/11 13:59:41] ppcls INFO: Optimizer : 
[2023/05/11 13:59:41] ppcls INFO:     lr : 
[2023/05/11 13:59:41] ppcls INFO:         learning_rate : 0.0125
[2023/05/11 13:59:41] ppcls INFO:         name : Cosine
[2023/05/11 13:59:41] ppcls INFO:         warmup_epoch : 5
[2023/05/11 13:59:41] ppcls INFO:     momentum : 0.9
[2023/05/11 13:59:41] ppcls INFO:     name : Momentum
[2023/05/11 13:59:41] ppcls INFO:     regularizer : 
[2023/05/11 13:59:41] ppcls INFO:         coeff : 0.0005
[2023/05/11 13:59:41] ppcls INFO:         name : L2
[2023/05/11 13:59:41] ppcls INFO: train with paddle 2.2.2 and device CUDAPlace(0)
